<?xml version="1.0" encoding="utf-8" standalone="yes"?>
<CoverageSession xmlns:xsd="http://www.w3.org/2001/XMLSchema" xmlns:xsi="http://www.w3.org/2001/XMLSchema-instance">
  <Summary numSequencePoints="157" visitedSequencePoints="61" numBranchPoints="45" visitedBranchPoints="5" sequenceCoverage="38.85" branchCoverage="11.11" maxCyclomaticComplexity="3" minCyclomaticComplexity="1" visitedClasses="7" numClasses="14" visitedMethods="11" numMethods="35" minCrapScore="1" maxCrapScore="3" />
  <Modules>
    <Module hash="B0-0A-8C-58-47-73-11-61-D4-41-88-51-BA-2D-05-E6-88-5B-9B-84">
      <Summary numSequencePoints="0" visitedSequencePoints="0" numBranchPoints="0" visitedBranchPoints="0" sequenceCoverage="0" branchCoverage="0" maxCyclomaticComplexity="0" minCyclomaticComplexity="1" visitedClasses="0" numClasses="0" visitedMethods="0" numMethods="0" minCrapScore="0" maxCrapScore="0" />
      <ModulePath>C:\repos\hol\ModernApiAppSolution\ModernApiApp.Tests\bin\Debug\netcoreapp2.1\__Saved\ModernApiApp.Entities.dll</ModulePath>
      <ModuleTime>2018-08-08T15:09:02.689538Z</ModuleTime>
      <ModuleName>ModernApiApp.Entities</ModuleName>
      <Files />
      <Classes>
        <Class>
          <Summary numSequencePoints="0" visitedSequencePoints="0" numBranchPoints="0" visitedBranchPoints="0" sequenceCoverage="0" branchCoverage="0" maxCyclomaticComplexity="0" minCyclomaticComplexity="0" visitedClasses="0" numClasses="0" visitedMethods="0" numMethods="0" minCrapScore="0" maxCrapScore="0" />
          <FullName>&lt;Module&gt;</FullName>
          <Methods />
        </Class>
        <Class>
          <Summary numSequencePoints="0" visitedSequencePoints="0" numBranchPoints="0" visitedBranchPoints="0" sequenceCoverage="0" branchCoverage="0" maxCyclomaticComplexity="0" minCyclomaticComplexity="0" visitedClasses="0" numClasses="0" visitedMethods="0" numMethods="0" minCrapScore="0" maxCrapScore="0" />
          <FullName>ModernApiApp.Entities.Customer</FullName>
          <Methods>
            <Method visited="false" cyclomaticComplexity="1" nPathComplexity="0" sequenceCoverage="0" branchCoverage="0" isConstructor="true" isStatic="false" isGetter="false" isSetter="false" crapScore="0">
              <Summary numSequencePoints="0" visitedSequencePoints="0" numBranchPoints="0" visitedBranchPoints="0" sequenceCoverage="0" branchCoverage="0" maxCyclomaticComplexity="1" minCyclomaticComplexity="1" visitedClasses="0" numClasses="0" visitedMethods="0" numMethods="0" minCrapScore="0" maxCrapScore="0" />
              <MetadataToken>100663303</MetadataToken>
              <Name>System.Void ModernApiApp.Entities.Customer::.ctor()</Name>
              <SequencePoints />
              <BranchPoints />
              <MethodPoint vc="100" uspid="100663303" ordinal="0" offset="0" />
            </Method>
          </Methods>
        </Class>
      </Classes>
    </Module>
    <Module hash="37-1B-77-B8-2C-0E-AF-C8-AE-F3-31-EC-96-99-F9-98-9C-BF-53-6E">
      <Summary numSequencePoints="46" visitedSequencePoints="21" numBranchPoints="14" visitedBranchPoints="0" sequenceCoverage="45.65" branchCoverage="0" maxCyclomaticComplexity="3" minCyclomaticComplexity="1" visitedClasses="4" numClasses="4" visitedMethods="6" numMethods="14" minCrapScore="1" maxCrapScore="3" />
      <ModulePath>C:\repos\hol\ModernApiAppSolution\ModernApiApp.Tests\bin\Debug\netcoreapp2.1\__Saved\ModernApiApp.DataAccess.dll</ModulePath>
      <ModuleTime>2018-08-08T15:59:50.4563335Z</ModuleTime>
      <ModuleName>ModernApiApp.DataAccess</ModuleName>
      <Files>
        <File uid="1" fullPath="C:\repos\hol\ModernApiAppSolution\ModernApiApp.DataAccess\ApiContext.cs" />
        <File uid="2" fullPath="C:\repos\hol\ModernApiAppSolution\ModernApiApp.DataAccess\Repository.cs" />
        <File uid="3" fullPath="C:\repos\hol\ModernApiAppSolution\ModernApiApp.DataAccess\UnitOfWork.cs" />
      </Files>
      <Classes>
        <Class>
          <Summary numSequencePoints="0" visitedSequencePoints="0" numBranchPoints="0" visitedBranchPoints="0" sequenceCoverage="0" branchCoverage="0" maxCyclomaticComplexity="0" minCyclomaticComplexity="0" visitedClasses="0" numClasses="0" visitedMethods="0" numMethods="0" minCrapScore="0" maxCrapScore="0" />
          <FullName>&lt;Module&gt;</FullName>
          <Methods />
        </Class>
        <Class>
          <Summary numSequencePoints="6" visitedSequencePoints="3" numBranchPoints="2" visitedBranchPoints="0" sequenceCoverage="50" branchCoverage="0" maxCyclomaticComplexity="1" minCyclomaticComplexity="1" visitedClasses="1" numClasses="1" visitedMethods="1" numMethods="2" minCrapScore="1" maxCrapScore="1" />
          <FullName>ModernApiApp.DataAccess.ApiContext</FullName>
          <Methods>
            <Method visited="false" cyclomaticComplexity="1" nPathComplexity="0" sequenceCoverage="0" branchCoverage="0" isConstructor="true" isStatic="false" isGetter="false" isSetter="false" crapScore="0">
              <Summary numSequencePoints="3" visitedSequencePoints="0" numBranchPoints="1" visitedBranchPoints="0" sequenceCoverage="0" branchCoverage="0" maxCyclomaticComplexity="1" minCyclomaticComplexity="1" visitedClasses="0" numClasses="0" visitedMethods="0" numMethods="1" minCrapScore="0" maxCrapScore="0" />
              <MetadataToken>100663299</MetadataToken>
              <Name>System.Void ModernApiApp.DataAccess.ApiContext::.ctor()</Name>
              <FileRef uid="1" />
              <SequencePoints>
                <SequencePoint vc="0" uspid="2" ordinal="0" offset="0" sl="12" sc="9" el="12" ec="28" bec="0" bev="0" fileid="1" />
                <SequencePoint vc="0" uspid="1" ordinal="1" offset="7" sl="13" sc="9" el="13" ec="10" bec="0" bev="0" fileid="1" />
                <SequencePoint vc="0" uspid="0" ordinal="2" offset="8" sl="15" sc="9" el="15" ec="10" bec="0" bev="0" fileid="1" />
              </SequencePoints>
              <BranchPoints />
              <MethodPoint xsi:type="SequencePoint" vc="0" uspid="2" ordinal="0" offset="0" sl="12" sc="9" el="12" ec="28" bec="0" bev="0" fileid="1" />
            </Method>
            <Method visited="true" cyclomaticComplexity="1" nPathComplexity="0" sequenceCoverage="100" branchCoverage="0" isConstructor="true" isStatic="false" isGetter="false" isSetter="false" crapScore="1">
              <Summary numSequencePoints="3" visitedSequencePoints="3" numBranchPoints="1" visitedBranchPoints="0" sequenceCoverage="100" branchCoverage="0" maxCyclomaticComplexity="1" minCyclomaticComplexity="1" visitedClasses="0" numClasses="0" visitedMethods="1" numMethods="1" minCrapScore="1" maxCrapScore="1" />
              <MetadataToken>100663300</MetadataToken>
              <Name>System.Void ModernApiApp.DataAccess.ApiContext::.ctor(Microsoft.EntityFrameworkCore.DbContextOptions`1&lt;ModernApiApp.DataAccess.ApiContext&gt;)</Name>
              <FileRef uid="1" />
              <SequencePoints>
                <SequencePoint vc="1" uspid="5" ordinal="0" offset="0" sl="16" sc="67" el="16" ec="80" bec="0" bev="0" fileid="1" />
                <SequencePoint vc="1" uspid="4" ordinal="1" offset="8" sl="16" sc="81" el="16" ec="82" bec="0" bev="0" fileid="1" />
                <SequencePoint vc="1" uspid="3" ordinal="2" offset="9" sl="16" sc="83" el="16" ec="84" bec="0" bev="0" fileid="1" />
              </SequencePoints>
              <BranchPoints />
              <MethodPoint xsi:type="SequencePoint" vc="1" uspid="5" ordinal="0" offset="0" sl="16" sc="67" el="16" ec="80" bec="0" bev="0" fileid="1" />
            </Method>
          </Methods>
        </Class>
        <Class>
          <Summary numSequencePoints="0" visitedSequencePoints="0" numBranchPoints="0" visitedBranchPoints="0" sequenceCoverage="0" branchCoverage="0" maxCyclomaticComplexity="0" minCyclomaticComplexity="0" visitedClasses="0" numClasses="0" visitedMethods="0" numMethods="0" minCrapScore="0" maxCrapScore="0" />
          <FullName>ModernApiApp.DataAccess.IRepository`1</FullName>
          <Methods />
        </Class>
        <Class>
          <Summary numSequencePoints="0" visitedSequencePoints="0" numBranchPoints="0" visitedBranchPoints="0" sequenceCoverage="0" branchCoverage="0" maxCyclomaticComplexity="0" minCyclomaticComplexity="0" visitedClasses="0" numClasses="0" visitedMethods="0" numMethods="0" minCrapScore="0" maxCrapScore="0" />
          <FullName>ModernApiApp.DataAccess.IUnitOfWork`1</FullName>
          <Methods />
        </Class>
        <Class>
          <Summary numSequencePoints="23" visitedSequencePoints="8" numBranchPoints="7" visitedBranchPoints="0" sequenceCoverage="34.78" branchCoverage="0" maxCyclomaticComplexity="1" minCyclomaticComplexity="1" visitedClasses="1" numClasses="1" visitedMethods="2" numMethods="7" minCrapScore="1" maxCrapScore="1" />
          <FullName>ModernApiApp.DataAccess.Repository`1</FullName>
          <Methods>
            <Method visited="true" cyclomaticComplexity="1" nPathComplexity="0" sequenceCoverage="100" branchCoverage="0" isConstructor="true" isStatic="false" isGetter="false" isSetter="false" crapScore="1">
              <Summary numSequencePoints="5" visitedSequencePoints="5" numBranchPoints="1" visitedBranchPoints="0" sequenceCoverage="100" branchCoverage="0" maxCyclomaticComplexity="1" minCyclomaticComplexity="1" visitedClasses="0" numClasses="0" visitedMethods="1" numMethods="1" minCrapScore="1" maxCrapScore="1" />
              <MetadataToken>100663309</MetadataToken>
              <Name>System.Void ModernApiApp.DataAccess.Repository`1::.ctor(Microsoft.EntityFrameworkCore.DbContext)</Name>
              <FileRef uid="2" />
              <SequencePoints>
                <SequencePoint vc="2" uspid="10" ordinal="0" offset="0" sl="15" sc="9" el="15" ec="48" bec="0" bev="0" fileid="2" />
                <SequencePoint vc="2" uspid="9" ordinal="1" offset="7" sl="15" sc="49" el="15" ec="50" bec="0" bev="0" fileid="2" />
                <SequencePoint vc="2" uspid="8" ordinal="2" offset="8" sl="16" sc="13" el="16" ec="36" bec="0" bev="0" fileid="2" />
                <SequencePoint vc="2" uspid="7" ordinal="3" offset="15" sl="17" sc="13" el="17" ec="48" bec="0" bev="0" fileid="2" />
                <SequencePoint vc="2" uspid="6" ordinal="4" offset="32" sl="18" sc="9" el="18" ec="10" bec="0" bev="0" fileid="2" />
              </SequencePoints>
              <BranchPoints />
              <MethodPoint xsi:type="SequencePoint" vc="2" uspid="10" ordinal="0" offset="0" sl="15" sc="9" el="15" ec="48" bec="0" bev="0" fileid="2" />
            </Method>
            <Method visited="false" cyclomaticComplexity="1" nPathComplexity="0" sequenceCoverage="0" branchCoverage="0" isConstructor="true" isStatic="false" isGetter="false" isSetter="false" crapScore="0">
              <Summary numSequencePoints="3" visitedSequencePoints="0" numBranchPoints="1" visitedBranchPoints="0" sequenceCoverage="0" branchCoverage="0" maxCyclomaticComplexity="1" minCyclomaticComplexity="1" visitedClasses="0" numClasses="0" visitedMethods="0" numMethods="1" minCrapScore="0" maxCrapScore="0" />
              <MetadataToken>100663310</MetadataToken>
              <Name>System.Void ModernApiApp.DataAccess.Repository`1::.ctor()</Name>
              <FileRef uid="2" />
              <SequencePoints>
                <SequencePoint vc="0" uspid="13" ordinal="0" offset="0" sl="20" sc="9" el="20" ec="29" bec="0" bev="0" fileid="2" />
                <SequencePoint vc="0" uspid="12" ordinal="1" offset="7" sl="20" sc="30" el="20" ec="31" bec="0" bev="0" fileid="2" />
                <SequencePoint vc="0" uspid="11" ordinal="2" offset="8" sl="20" sc="32" el="20" ec="33" bec="0" bev="0" fileid="2" />
              </SequencePoints>
              <BranchPoints />
              <MethodPoint xsi:type="SequencePoint" vc="0" uspid="13" ordinal="0" offset="0" sl="20" sc="9" el="20" ec="29" bec="0" bev="0" fileid="2" />
            </Method>
            <Method visited="true" cyclomaticComplexity="1" nPathComplexity="0" sequenceCoverage="100" branchCoverage="0" isConstructor="false" isStatic="false" isGetter="false" isSetter="false" crapScore="1">
              <Summary numSequencePoints="3" visitedSequencePoints="3" numBranchPoints="1" visitedBranchPoints="0" sequenceCoverage="100" branchCoverage="0" maxCyclomaticComplexity="1" minCyclomaticComplexity="1" visitedClasses="0" numClasses="0" visitedMethods="1" numMethods="1" minCrapScore="1" maxCrapScore="1" />
              <MetadataToken>100663311</MetadataToken>
              <Name>System.Linq.IQueryable`1&lt;TEntity&gt; ModernApiApp.DataAccess.Repository`1::GetAll()</Name>
              <FileRef uid="2" />
              <SequencePoints>
                <SequencePoint vc="1" uspid="16" ordinal="0" offset="0" sl="22" sc="46" el="22" ec="47" bec="0" bev="0" fileid="2" />
                <SequencePoint vc="1" uspid="15" ordinal="1" offset="1" sl="23" sc="13" el="23" ec="26" bec="0" bev="0" fileid="2" />
                <SequencePoint vc="1" uspid="14" ordinal="2" offset="10" sl="24" sc="9" el="24" ec="10" bec="0" bev="0" fileid="2" />
              </SequencePoints>
              <BranchPoints />
              <MethodPoint xsi:type="SequencePoint" vc="1" uspid="16" ordinal="0" offset="0" sl="22" sc="46" el="22" ec="47" bec="0" bev="0" fileid="2" />
            </Method>
            <Method visited="false" cyclomaticComplexity="1" nPathComplexity="0" sequenceCoverage="0" branchCoverage="0" isConstructor="false" isStatic="false" isGetter="false" isSetter="false" crapScore="0">
              <Summary numSequencePoints="0" visitedSequencePoints="0" numBranchPoints="0" visitedBranchPoints="0" sequenceCoverage="0" branchCoverage="0" maxCyclomaticComplexity="1" minCyclomaticComplexity="1" visitedClasses="0" numClasses="0" visitedMethods="0" numMethods="0" minCrapScore="0" maxCrapScore="0" />
              <MetadataToken>100663312</MetadataToken>
              <Name>System.Threading.Tasks.Task`1&lt;TEntity&gt; ModernApiApp.DataAccess.Repository`1::GetByIdAsync(System.Int32)</Name>
              <SequencePoints />
              <BranchPoints />
              <MethodPoint vc="1" uspid="100663312" ordinal="0" offset="0" />
            </Method>
            <Method visited="false" cyclomaticComplexity="1" nPathComplexity="0" sequenceCoverage="0" branchCoverage="0" isConstructor="false" isStatic="false" isGetter="false" isSetter="false" crapScore="0">
              <Summary numSequencePoints="3" visitedSequencePoints="0" numBranchPoints="1" visitedBranchPoints="0" sequenceCoverage="0" branchCoverage="0" maxCyclomaticComplexity="1" minCyclomaticComplexity="1" visitedClasses="0" numClasses="0" visitedMethods="0" numMethods="1" minCrapScore="0" maxCrapScore="0" />
              <MetadataToken>100663313</MetadataToken>
              <Name>System.Linq.IQueryable`1&lt;TEntity&gt; ModernApiApp.DataAccess.Repository`1::SearchFor(System.Linq.Expressions.Expression`1&lt;System.Func`2&lt;TEntity,System.Boolean&gt;&gt;)</Name>
              <FileRef uid="2" />
              <SequencePoints>
                <SequencePoint vc="0" uspid="19" ordinal="0" offset="0" sl="30" sc="90" el="30" ec="91" bec="0" bev="0" fileid="2" />
                <SequencePoint vc="0" uspid="18" ordinal="1" offset="1" sl="31" sc="13" el="31" ec="44" bec="0" bev="0" fileid="2" />
                <SequencePoint vc="0" uspid="17" ordinal="2" offset="16" sl="32" sc="9" el="32" ec="10" bec="0" bev="0" fileid="2" />
              </SequencePoints>
              <BranchPoints />
              <MethodPoint xsi:type="SequencePoint" vc="0" uspid="19" ordinal="0" offset="0" sl="30" sc="90" el="30" ec="91" bec="0" bev="0" fileid="2" />
            </Method>
            <Method visited="false" cyclomaticComplexity="1" nPathComplexity="0" sequenceCoverage="0" branchCoverage="0" isConstructor="false" isStatic="false" isGetter="false" isSetter="false" crapScore="0">
              <Summary numSequencePoints="3" visitedSequencePoints="0" numBranchPoints="1" visitedBranchPoints="0" sequenceCoverage="0" branchCoverage="0" maxCyclomaticComplexity="1" minCyclomaticComplexity="1" visitedClasses="0" numClasses="0" visitedMethods="0" numMethods="1" minCrapScore="0" maxCrapScore="0" />
              <MetadataToken>100663314</MetadataToken>
              <Name>System.Void ModernApiApp.DataAccess.Repository`1::Edit(TEntity)</Name>
              <FileRef uid="2" />
              <SequencePoints>
                <SequencePoint vc="0" uspid="22" ordinal="0" offset="0" sl="34" sc="43" el="34" ec="44" bec="0" bev="0" fileid="2" />
                <SequencePoint vc="0" uspid="21" ordinal="1" offset="1" sl="35" sc="13" el="35" ec="68" bec="0" bev="0" fileid="2" />
                <SequencePoint vc="0" uspid="20" ordinal="2" offset="20" sl="36" sc="9" el="36" ec="10" bec="0" bev="0" fileid="2" />
              </SequencePoints>
              <BranchPoints />
              <MethodPoint xsi:type="SequencePoint" vc="0" uspid="22" ordinal="0" offset="0" sl="34" sc="43" el="34" ec="44" bec="0" bev="0" fileid="2" />
            </Method>
            <Method visited="false" cyclomaticComplexity="1" nPathComplexity="0" sequenceCoverage="0" branchCoverage="0" isConstructor="false" isStatic="false" isGetter="false" isSetter="false" crapScore="0">
              <Summary numSequencePoints="3" visitedSequencePoints="0" numBranchPoints="1" visitedBranchPoints="0" sequenceCoverage="0" branchCoverage="0" maxCyclomaticComplexity="1" minCyclomaticComplexity="1" visitedClasses="0" numClasses="0" visitedMethods="0" numMethods="1" minCrapScore="0" maxCrapScore="0" />
              <MetadataToken>100663315</MetadataToken>
              <Name>System.Void ModernApiApp.DataAccess.Repository`1::Add(TEntity)</Name>
              <FileRef uid="2" />
              <SequencePoints>
                <SequencePoint vc="0" uspid="25" ordinal="0" offset="0" sl="38" sc="42" el="38" ec="43" bec="0" bev="0" fileid="2" />
                <SequencePoint vc="0" uspid="24" ordinal="1" offset="1" sl="39" sc="13" el="39" ec="32" bec="0" bev="0" fileid="2" />
                <SequencePoint vc="0" uspid="23" ordinal="2" offset="14" sl="40" sc="9" el="40" ec="10" bec="0" bev="0" fileid="2" />
              </SequencePoints>
              <BranchPoints />
              <MethodPoint xsi:type="SequencePoint" vc="0" uspid="25" ordinal="0" offset="0" sl="38" sc="42" el="38" ec="43" bec="0" bev="0" fileid="2" />
            </Method>
            <Method visited="false" cyclomaticComplexity="1" nPathComplexity="0" sequenceCoverage="0" branchCoverage="0" isConstructor="false" isStatic="false" isGetter="false" isSetter="false" crapScore="0">
              <Summary numSequencePoints="3" visitedSequencePoints="0" numBranchPoints="1" visitedBranchPoints="0" sequenceCoverage="0" branchCoverage="0" maxCyclomaticComplexity="1" minCyclomaticComplexity="1" visitedClasses="0" numClasses="0" visitedMethods="0" numMethods="1" minCrapScore="0" maxCrapScore="0" />
              <MetadataToken>100663316</MetadataToken>
              <Name>System.Void ModernApiApp.DataAccess.Repository`1::Delete(TEntity)</Name>
              <FileRef uid="2" />
              <SequencePoints>
                <SequencePoint vc="0" uspid="28" ordinal="0" offset="0" sl="42" sc="45" el="42" ec="46" bec="0" bev="0" fileid="2" />
                <SequencePoint vc="0" uspid="27" ordinal="1" offset="1" sl="43" sc="13" el="43" ec="35" bec="0" bev="0" fileid="2" />
                <SequencePoint vc="0" uspid="26" ordinal="2" offset="14" sl="44" sc="9" el="44" ec="10" bec="0" bev="0" fileid="2" />
              </SequencePoints>
              <BranchPoints />
              <MethodPoint xsi:type="SequencePoint" vc="0" uspid="28" ordinal="0" offset="0" sl="42" sc="45" el="42" ec="46" bec="0" bev="0" fileid="2" />
            </Method>
          </Methods>
        </Class>
        <Class>
          <Summary numSequencePoints="3" visitedSequencePoints="3" numBranchPoints="1" visitedBranchPoints="0" sequenceCoverage="100" branchCoverage="0" maxCyclomaticComplexity="3" minCyclomaticComplexity="1" visitedClasses="1" numClasses="1" visitedMethods="1" numMethods="1" minCrapScore="3" maxCrapScore="3" />
          <FullName>ModernApiApp.DataAccess.Repository`1/&lt;GetByIdAsync&gt;d__5</FullName>
          <Methods>
            <Method visited="true" cyclomaticComplexity="3" nPathComplexity="0" sequenceCoverage="100" branchCoverage="0" isConstructor="false" isStatic="false" isGetter="false" isSetter="false" crapScore="3">
              <Summary numSequencePoints="3" visitedSequencePoints="3" numBranchPoints="1" visitedBranchPoints="0" sequenceCoverage="100" branchCoverage="0" maxCyclomaticComplexity="3" minCyclomaticComplexity="3" visitedClasses="0" numClasses="0" visitedMethods="1" numMethods="1" minCrapScore="3" maxCrapScore="3" />
              <MetadataToken>100663322</MetadataToken>
              <Name>System.Void ModernApiApp.DataAccess.Repository`1/&lt;GetByIdAsync&gt;d__5::MoveNext()</Name>
              <FileRef uid="2" />
              <SequencePoints>
                <SequencePoint vc="1" uspid="31" ordinal="0" offset="14" sl="26" sc="58" el="26" ec="59" bec="0" bev="0" fileid="2" />
                <SequencePoint vc="1" uspid="30" ordinal="1" offset="15" sl="27" sc="13" el="27" ec="47" bec="0" bev="0" fileid="2" />
                <SequencePoint vc="1" uspid="29" ordinal="2" offset="178" sl="28" sc="9" el="28" ec="10" bec="0" bev="0" fileid="2" />
              </SequencePoints>
              <BranchPoints />
              <MethodPoint xsi:type="SequencePoint" vc="1" uspid="31" ordinal="0" offset="14" sl="26" sc="58" el="26" ec="59" bec="0" bev="0" fileid="2" />
            </Method>
            <Method visited="false" cyclomaticComplexity="1" nPathComplexity="0" sequenceCoverage="0" branchCoverage="0" isConstructor="false" isStatic="false" isGetter="false" isSetter="false" crapScore="0">
              <Summary numSequencePoints="0" visitedSequencePoints="0" numBranchPoints="0" visitedBranchPoints="0" sequenceCoverage="0" branchCoverage="0" maxCyclomaticComplexity="1" minCyclomaticComplexity="1" visitedClasses="0" numClasses="0" visitedMethods="0" numMethods="0" minCrapScore="0" maxCrapScore="0" />
              <MetadataToken>100663323</MetadataToken>
              <Name>System.Void ModernApiApp.DataAccess.Repository`1/&lt;GetByIdAsync&gt;d__5::SetStateMachine(System.Runtime.CompilerServices.IAsyncStateMachine)</Name>
              <SequencePoints />
              <BranchPoints />
              <MethodPoint vc="0" uspid="100663323" ordinal="0" offset="0" />
            </Method>
          </Methods>
        </Class>
        <Class>
          <Summary numSequencePoints="14" visitedSequencePoints="7" numBranchPoints="4" visitedBranchPoints="0" sequenceCoverage="50" branchCoverage="0" maxCyclomaticComplexity="1" minCyclomaticComplexity="1" visitedClasses="1" numClasses="1" visitedMethods="2" numMethods="4" minCrapScore="1" maxCrapScore="1" />
          <FullName>ModernApiApp.DataAccess.UnitOfWork`1</FullName>
          <Methods>
            <Method visited="true" cyclomaticComplexity="1" nPathComplexity="0" sequenceCoverage="100" branchCoverage="0" isConstructor="false" isStatic="false" isGetter="true" isSetter="false" crapScore="1">
              <Summary numSequencePoints="3" visitedSequencePoints="3" numBranchPoints="1" visitedBranchPoints="0" sequenceCoverage="100" branchCoverage="0" maxCyclomaticComplexity="1" minCyclomaticComplexity="1" visitedClasses="0" numClasses="0" visitedMethods="1" numMethods="1" minCrapScore="1" maxCrapScore="1" />
              <MetadataToken>100663317</MetadataToken>
              <Name>TDbContext ModernApiApp.DataAccess.UnitOfWork`1::get_DbContext()</Name>
              <FileRef uid="3" />
              <SequencePoints>
                <SequencePoint vc="2" uspid="34" ordinal="0" offset="0" sl="11" sc="43" el="11" ec="44" bec="0" bev="0" fileid="3" />
                <SequencePoint vc="2" uspid="33" ordinal="1" offset="1" sl="11" sc="45" el="11" ec="63" bec="0" bev="0" fileid="3" />
                <SequencePoint vc="2" uspid="32" ordinal="2" offset="10" sl="11" sc="64" el="11" ec="65" bec="0" bev="0" fileid="3" />
              </SequencePoints>
              <BranchPoints />
              <MethodPoint xsi:type="SequencePoint" vc="2" uspid="34" ordinal="0" offset="0" sl="11" sc="43" el="11" ec="44" bec="0" bev="0" fileid="3" />
            </Method>
            <Method visited="false" cyclomaticComplexity="1" nPathComplexity="0" sequenceCoverage="0" branchCoverage="0" isConstructor="true" isStatic="false" isGetter="false" isSetter="false" crapScore="0">
              <Summary numSequencePoints="4" visitedSequencePoints="0" numBranchPoints="1" visitedBranchPoints="0" sequenceCoverage="0" branchCoverage="0" maxCyclomaticComplexity="1" minCyclomaticComplexity="1" visitedClasses="0" numClasses="0" visitedMethods="0" numMethods="1" minCrapScore="0" maxCrapScore="0" />
              <MetadataToken>100663318</MetadataToken>
              <Name>System.Void ModernApiApp.DataAccess.UnitOfWork`1::.ctor()</Name>
              <FileRef uid="3" />
              <SequencePoints>
                <SequencePoint vc="0" uspid="38" ordinal="0" offset="0" sl="12" sc="9" el="12" ec="29" bec="0" bev="0" fileid="3" />
                <SequencePoint vc="0" uspid="37" ordinal="1" offset="7" sl="12" sc="30" el="12" ec="31" bec="0" bev="0" fileid="3" />
                <SequencePoint vc="0" uspid="36" ordinal="2" offset="8" sl="13" sc="13" el="13" ec="44" bec="0" bev="0" fileid="3" />
                <SequencePoint vc="0" uspid="35" ordinal="3" offset="19" sl="14" sc="9" el="14" ec="10" bec="0" bev="0" fileid="3" />
              </SequencePoints>
              <BranchPoints />
              <MethodPoint xsi:type="SequencePoint" vc="0" uspid="38" ordinal="0" offset="0" sl="12" sc="9" el="12" ec="29" bec="0" bev="0" fileid="3" />
            </Method>
            <Method visited="true" cyclomaticComplexity="1" nPathComplexity="0" sequenceCoverage="100" branchCoverage="0" isConstructor="true" isStatic="false" isGetter="false" isSetter="false" crapScore="1">
              <Summary numSequencePoints="4" visitedSequencePoints="4" numBranchPoints="1" visitedBranchPoints="0" sequenceCoverage="100" branchCoverage="0" maxCyclomaticComplexity="1" minCyclomaticComplexity="1" visitedClasses="0" numClasses="0" visitedMethods="1" numMethods="1" minCrapScore="1" maxCrapScore="1" />
              <MetadataToken>100663319</MetadataToken>
              <Name>System.Void ModernApiApp.DataAccess.UnitOfWork`1::.ctor(TDbContext)</Name>
              <FileRef uid="3" />
              <SequencePoints>
                <SequencePoint vc="1" uspid="42" ordinal="0" offset="0" sl="16" sc="9" el="16" ec="49" bec="0" bev="0" fileid="3" />
                <SequencePoint vc="1" uspid="41" ordinal="1" offset="7" sl="16" sc="50" el="16" ec="51" bec="0" bev="0" fileid="3" />
                <SequencePoint vc="1" uspid="40" ordinal="2" offset="8" sl="17" sc="13" el="17" ec="36" bec="0" bev="0" fileid="3" />
                <SequencePoint vc="1" uspid="39" ordinal="3" offset="15" sl="18" sc="9" el="18" ec="10" bec="0" bev="0" fileid="3" />
              </SequencePoints>
              <BranchPoints />
              <MethodPoint xsi:type="SequencePoint" vc="1" uspid="42" ordinal="0" offset="0" sl="16" sc="9" el="16" ec="49" bec="0" bev="0" fileid="3" />
            </Method>
            <Method visited="false" cyclomaticComplexity="1" nPathComplexity="0" sequenceCoverage="0" branchCoverage="0" isConstructor="false" isStatic="false" isGetter="false" isSetter="false" crapScore="0">
              <Summary numSequencePoints="3" visitedSequencePoints="0" numBranchPoints="1" visitedBranchPoints="0" sequenceCoverage="0" branchCoverage="0" maxCyclomaticComplexity="1" minCyclomaticComplexity="1" visitedClasses="0" numClasses="0" visitedMethods="0" numMethods="1" minCrapScore="0" maxCrapScore="0" />
              <MetadataToken>100663320</MetadataToken>
              <Name>System.Threading.Tasks.Task`1&lt;System.Int32&gt; ModernApiApp.DataAccess.UnitOfWork`1::SaveAsync()</Name>
              <FileRef uid="3" />
              <SequencePoints>
                <SequencePoint vc="0" uspid="45" ordinal="0" offset="0" sl="20" sc="39" el="20" ec="40" bec="0" bev="0" fileid="3" />
                <SequencePoint vc="0" uspid="44" ordinal="1" offset="1" sl="21" sc="13" el="21" ec="51" bec="0" bev="0" fileid="3" />
                <SequencePoint vc="0" uspid="43" ordinal="2" offset="29" sl="22" sc="9" el="22" ec="10" bec="0" bev="0" fileid="3" />
              </SequencePoints>
              <BranchPoints />
              <MethodPoint xsi:type="SequencePoint" vc="0" uspid="45" ordinal="0" offset="0" sl="20" sc="39" el="20" ec="40" bec="0" bev="0" fileid="3" />
            </Method>
          </Methods>
        </Class>
      </Classes>
    </Module>
    <Module hash="87-53-CD-3D-80-7F-8A-BD-AC-87-83-72-35-97-29-2C-33-86-F6-9F">
      <Summary numSequencePoints="81" visitedSequencePoints="12" numBranchPoints="25" visitedBranchPoints="2" sequenceCoverage="14.81" branchCoverage="8" maxCyclomaticComplexity="3" minCyclomaticComplexity="1" visitedClasses="1" numClasses="7" visitedMethods="2" numMethods="17" minCrapScore="1" maxCrapScore="2.04" />
      <ModulePath>C:\repos\hol\ModernApiAppSolution\ModernApiApp.Tests\bin\Debug\netcoreapp2.1\__Saved\ModernApiApp.dll</ModulePath>
      <ModuleTime>2018-08-08T15:59:51.6673295Z</ModuleTime>
      <ModuleName>ModernApiApp</ModuleName>
      <Files>
        <File uid="1" fullPath="C:\repos\hol\ModernApiAppSolution\ModernApiApp.DataAccess\ApiContext.cs" />
        <File uid="2" fullPath="C:\repos\hol\ModernApiAppSolution\ModernApiApp.DataAccess\Repository.cs" />
        <File uid="3" fullPath="C:\repos\hol\ModernApiAppSolution\ModernApiApp.DataAccess\UnitOfWork.cs" />
        <File uid="4" fullPath="C:\repos\hol\ModernApiAppSolution\ModernApiApp\Program.cs" />
        <File uid="5" fullPath="C:\repos\hol\ModernApiAppSolution\ModernApiApp\Startup.cs" />
        <File uid="6" fullPath="C:\repos\hol\ModernApiAppSolution\ModernApiApp\Controllers\CustomersController.cs" />
        <File uid="7" fullPath="C:\repos\hol\ModernApiAppSolution\ModernApiApp\Controllers\ValuesController.cs" />
      </Files>
      <Classes>
        <Class>
          <Summary numSequencePoints="0" visitedSequencePoints="0" numBranchPoints="0" visitedBranchPoints="0" sequenceCoverage="0" branchCoverage="0" maxCyclomaticComplexity="0" minCyclomaticComplexity="0" visitedClasses="0" numClasses="0" visitedMethods="0" numMethods="0" minCrapScore="0" maxCrapScore="0" />
          <FullName>&lt;Module&gt;</FullName>
          <Methods />
        </Class>
        <Class>
          <Summary numSequencePoints="4" visitedSequencePoints="0" numBranchPoints="2" visitedBranchPoints="0" sequenceCoverage="0" branchCoverage="0" maxCyclomaticComplexity="2" minCyclomaticComplexity="1" visitedClasses="0" numClasses="1" visitedMethods="0" numMethods="2" minCrapScore="0" maxCrapScore="0" />
          <FullName>ModernApiApp.Program</FullName>
          <Methods>
            <Method visited="false" cyclomaticComplexity="1" nPathComplexity="0" sequenceCoverage="0" branchCoverage="0" isConstructor="false" isStatic="true" isGetter="false" isSetter="false" crapScore="0">
              <Summary numSequencePoints="3" visitedSequencePoints="0" numBranchPoints="1" visitedBranchPoints="0" sequenceCoverage="0" branchCoverage="0" maxCyclomaticComplexity="1" minCyclomaticComplexity="1" visitedClasses="0" numClasses="0" visitedMethods="0" numMethods="1" minCrapScore="0" maxCrapScore="0" />
              <MetadataToken>100663297</MetadataToken>
              <Name>System.Void ModernApiApp.Program::Main(System.String[])</Name>
              <FileRef uid="4" />
              <SequencePoints>
                <SequencePoint vc="0" uspid="2" ordinal="0" offset="0" sl="16" sc="9" el="16" ec="10" bec="0" bev="0" fileid="4" />
                <SequencePoint vc="0" uspid="1" ordinal="1" offset="1" sl="17" sc="13" el="17" ec="54" bec="0" bev="0" fileid="4" />
                <SequencePoint vc="0" uspid="0" ordinal="2" offset="18" sl="18" sc="9" el="18" ec="10" bec="0" bev="0" fileid="4" />
              </SequencePoints>
              <BranchPoints />
              <MethodPoint xsi:type="SequencePoint" vc="0" uspid="2" ordinal="0" offset="0" sl="16" sc="9" el="16" ec="10" bec="0" bev="0" fileid="4" />
            </Method>
            <Method visited="false" cyclomaticComplexity="2" nPathComplexity="0" sequenceCoverage="0" branchCoverage="0" isConstructor="false" isStatic="true" isGetter="false" isSetter="false" crapScore="0">
              <Summary numSequencePoints="1" visitedSequencePoints="0" numBranchPoints="1" visitedBranchPoints="0" sequenceCoverage="0" branchCoverage="0" maxCyclomaticComplexity="2" minCyclomaticComplexity="2" visitedClasses="0" numClasses="0" visitedMethods="0" numMethods="1" minCrapScore="0" maxCrapScore="0" />
              <MetadataToken>100663298</MetadataToken>
              <Name>Microsoft.AspNetCore.Hosting.IWebHostBuilder ModernApiApp.Program::CreateWebHostBuilder(System.String[])</Name>
              <FileRef uid="4" />
              <SequencePoints>
                <SequencePoint vc="0" uspid="3" ordinal="0" offset="0" sl="21" sc="13" el="28" ec="39" bec="0" bev="0" fileid="4" />
              </SequencePoints>
              <BranchPoints />
              <MethodPoint xsi:type="SequencePoint" vc="0" uspid="3" ordinal="0" offset="0" sl="21" sc="13" el="28" ec="39" bec="0" bev="0" fileid="4" />
            </Method>
            <Method visited="false" cyclomaticComplexity="1" nPathComplexity="0" sequenceCoverage="0" branchCoverage="0" isConstructor="true" isStatic="false" isGetter="false" isSetter="false" crapScore="0">
              <Summary numSequencePoints="0" visitedSequencePoints="0" numBranchPoints="0" visitedBranchPoints="0" sequenceCoverage="0" branchCoverage="0" maxCyclomaticComplexity="1" minCyclomaticComplexity="1" visitedClasses="0" numClasses="0" visitedMethods="0" numMethods="0" minCrapScore="0" maxCrapScore="0" />
              <MetadataToken>100663299</MetadataToken>
              <Name>System.Void ModernApiApp.Program::.ctor()</Name>
              <SequencePoints />
              <BranchPoints />
              <MethodPoint vc="0" uspid="100663299" ordinal="0" offset="0" />
            </Method>
          </Methods>
        </Class>
        <Class>
          <Summary numSequencePoints="5" visitedSequencePoints="0" numBranchPoints="1" visitedBranchPoints="0" sequenceCoverage="0" branchCoverage="0" maxCyclomaticComplexity="1" minCyclomaticComplexity="1" visitedClasses="0" numClasses="1" visitedMethods="0" numMethods="1" minCrapScore="0" maxCrapScore="0" />
          <FullName>ModernApiApp.Program/&lt;&gt;c</FullName>
          <Methods>
            <Method visited="false" cyclomaticComplexity="1" nPathComplexity="0" sequenceCoverage="0" branchCoverage="0" isConstructor="false" isStatic="false" isGetter="false" isSetter="false" crapScore="0">
              <Summary numSequencePoints="5" visitedSequencePoints="0" numBranchPoints="1" visitedBranchPoints="0" sequenceCoverage="0" branchCoverage="0" maxCyclomaticComplexity="1" minCyclomaticComplexity="1" visitedClasses="0" numClasses="0" visitedMethods="0" numMethods="1" minCrapScore="0" maxCrapScore="0" />
              <MetadataToken>100663316</MetadataToken>
              <Name>System.Void ModernApiApp.Program/&lt;&gt;c::&lt;CreateWebHostBuilder&gt;b__1_0(Microsoft.AspNetCore.Hosting.WebHostBuilderContext,Microsoft.Extensions.Logging.ILoggingBuilder)</Name>
              <FileRef uid="4" />
              <SequencePoints>
                <SequencePoint vc="0" uspid="8" ordinal="0" offset="0" sl="23" sc="17" el="23" ec="18" bec="0" bev="0" fileid="4" />
                <SequencePoint vc="0" uspid="7" ordinal="1" offset="1" sl="24" sc="21" el="24" ec="98" bec="0" bev="0" fileid="4" />
                <SequencePoint vc="0" uspid="6" ordinal="2" offset="24" sl="25" sc="21" el="25" ec="42" bec="0" bev="0" fileid="4" />
                <SequencePoint vc="0" uspid="5" ordinal="3" offset="31" sl="26" sc="21" el="26" ec="40" bec="0" bev="0" fileid="4" />
                <SequencePoint vc="0" uspid="4" ordinal="4" offset="38" sl="27" sc="17" el="27" ec="18" bec="0" bev="0" fileid="4" />
              </SequencePoints>
              <BranchPoints />
              <MethodPoint xsi:type="SequencePoint" vc="0" uspid="8" ordinal="0" offset="0" sl="23" sc="17" el="23" ec="18" bec="0" bev="0" fileid="4" />
            </Method>
          </Methods>
        </Class>
        <Class>
          <Summary numSequencePoints="40" visitedSequencePoints="0" numBranchPoints="10" visitedBranchPoints="0" sequenceCoverage="0" branchCoverage="0" maxCyclomaticComplexity="3" minCyclomaticComplexity="1" visitedClasses="0" numClasses="1" visitedMethods="0" numMethods="4" minCrapScore="0" maxCrapScore="0" />
          <FullName>ModernApiApp.Startup</FullName>
          <Methods>
            <Method visited="false" cyclomaticComplexity="1" nPathComplexity="0" sequenceCoverage="0" branchCoverage="0" isConstructor="true" isStatic="false" isGetter="false" isSetter="false" crapScore="0">
              <Summary numSequencePoints="4" visitedSequencePoints="0" numBranchPoints="1" visitedBranchPoints="0" sequenceCoverage="0" branchCoverage="0" maxCyclomaticComplexity="1" minCyclomaticComplexity="1" visitedClasses="0" numClasses="0" visitedMethods="0" numMethods="1" minCrapScore="0" maxCrapScore="0" />
              <MetadataToken>100663300</MetadataToken>
              <Name>System.Void ModernApiApp.Startup::.ctor(Microsoft.Extensions.Configuration.IConfiguration)</Name>
              <FileRef uid="5" />
              <SequencePoints>
                <SequencePoint vc="0" uspid="12" ordinal="0" offset="0" sl="18" sc="9" el="18" ec="54" bec="0" bev="0" fileid="5" />
                <SequencePoint vc="0" uspid="11" ordinal="1" offset="7" sl="18" sc="55" el="18" ec="56" bec="0" bev="0" fileid="5" />
                <SequencePoint vc="0" uspid="10" ordinal="2" offset="8" sl="19" sc="13" el="19" ec="43" bec="0" bev="0" fileid="5" />
                <SequencePoint vc="0" uspid="9" ordinal="3" offset="15" sl="20" sc="9" el="20" ec="10" bec="0" bev="0" fileid="5" />
              </SequencePoints>
              <BranchPoints />
              <MethodPoint xsi:type="SequencePoint" vc="0" uspid="12" ordinal="0" offset="0" sl="18" sc="9" el="18" ec="54" bec="0" bev="0" fileid="5" />
            </Method>
            <Method visited="false" cyclomaticComplexity="1" nPathComplexity="0" sequenceCoverage="0" branchCoverage="0" isConstructor="false" isStatic="false" isGetter="false" isSetter="false" crapScore="0">
              <Summary numSequencePoints="7" visitedSequencePoints="0" numBranchPoints="1" visitedBranchPoints="0" sequenceCoverage="0" branchCoverage="0" maxCyclomaticComplexity="1" minCyclomaticComplexity="1" visitedClasses="0" numClasses="0" visitedMethods="0" numMethods="1" minCrapScore="0" maxCrapScore="0" />
              <MetadataToken>100663302</MetadataToken>
              <Name>System.Void ModernApiApp.Startup::ConfigureServices(Microsoft.Extensions.DependencyInjection.IServiceCollection)</Name>
              <FileRef uid="5" />
              <SequencePoints>
                <SequencePoint vc="0" uspid="19" ordinal="0" offset="6" sl="24" sc="69" el="24" ec="70" bec="0" bev="0" fileid="5" />
                <SequencePoint vc="0" uspid="18" ordinal="1" offset="7" sl="25" sc="13" el="25" ec="61" bec="0" bev="0" fileid="5" />
                <SequencePoint vc="0" uspid="17" ordinal="2" offset="19" sl="26" sc="13" el="29" ec="16" bec="0" bev="0" fileid="5" />
                <SequencePoint vc="0" uspid="16" ordinal="3" offset="40" sl="30" sc="13" el="30" ec="87" bec="0" bev="0" fileid="5" />
                <SequencePoint vc="0" uspid="15" ordinal="4" offset="47" sl="31" sc="13" el="31" ec="33" bec="0" bev="0" fileid="5" />
                <SequencePoint vc="0" uspid="14" ordinal="5" offset="54" sl="32" sc="13" el="32" ec="32" bec="0" bev="0" fileid="5" />
                <SequencePoint vc="0" uspid="13" ordinal="6" offset="61" sl="33" sc="9" el="33" ec="10" bec="0" bev="0" fileid="5" />
              </SequencePoints>
              <BranchPoints />
              <MethodPoint xsi:type="SequencePoint" vc="0" uspid="19" ordinal="0" offset="6" sl="24" sc="69" el="24" ec="70" bec="0" bev="0" fileid="5" />
            </Method>
            <Method visited="false" cyclomaticComplexity="3" nPathComplexity="4" sequenceCoverage="0" branchCoverage="0" isConstructor="false" isStatic="false" isGetter="false" isSetter="false" crapScore="0">
              <Summary numSequencePoints="18" visitedSequencePoints="0" numBranchPoints="5" visitedBranchPoints="0" sequenceCoverage="0" branchCoverage="0" maxCyclomaticComplexity="3" minCyclomaticComplexity="3" visitedClasses="0" numClasses="0" visitedMethods="0" numMethods="1" minCrapScore="0" maxCrapScore="0" />
              <MetadataToken>100663303</MetadataToken>
              <Name>System.String ModernApiApp.Startup::buildConnectionString()</Name>
              <FileRef uid="5" />
              <SequencePoints>
                <SequencePoint vc="0" uspid="37" ordinal="0" offset="0" sl="35" sc="49" el="35" ec="50" bec="0" bev="0" fileid="5" />
                <SequencePoint vc="0" uspid="36" ordinal="1" offset="1" sl="36" sc="13" el="36" ec="101" bec="0" bev="0" fileid="5" />
                <SequencePoint vc="0" uspid="35" ordinal="2" offset="12" sl="37" sc="13" el="37" ec="63" bec="2" bev="0" fileid="5" />
                <SequencePoint vc="0" uspid="34" ordinal="3" offset="29" sl="37" sc="64" el="37" ec="65" bec="0" bev="0" fileid="5" />
                <SequencePoint vc="0" uspid="33" ordinal="4" offset="30" sl="38" sc="17" el="38" ec="64" bec="0" bev="0" fileid="5" />
                <SequencePoint vc="0" uspid="32" ordinal="5" offset="36" sl="39" sc="13" el="39" ec="14" bec="0" bev="0" fileid="5" />
                <SequencePoint vc="0" uspid="31" ordinal="6" offset="37" sl="40" sc="13" el="40" ec="93" bec="0" bev="0" fileid="5" />
                <SequencePoint vc="0" uspid="30" ordinal="7" offset="48" sl="41" sc="13" el="41" ec="99" bec="0" bev="0" fileid="5" />
                <SequencePoint vc="0" uspid="29" ordinal="8" offset="59" sl="42" sc="13" el="42" ec="107" bec="0" bev="0" fileid="5" />
                <SequencePoint vc="0" uspid="28" ordinal="9" offset="70" sl="44" sc="13" el="44" ec="60" bec="2" bev="0" fileid="5" />
                <SequencePoint vc="0" uspid="27" ordinal="10" offset="85" sl="44" sc="61" el="44" ec="62" bec="0" bev="0" fileid="5" />
                <SequencePoint vc="0" uspid="26" ordinal="11" offset="86" sl="45" sc="17" el="45" ec="160" bec="0" bev="0" fileid="5" />
                <SequencePoint vc="0" uspid="25" ordinal="12" offset="120" sl="46" sc="13" el="46" ec="14" bec="0" bev="0" fileid="5" />
                <SequencePoint vc="0" uspid="24" ordinal="13" offset="123" sl="46" sc="20" el="46" ec="21" bec="0" bev="0" fileid="5" />
                <SequencePoint vc="0" uspid="23" ordinal="14" offset="124" sl="47" sc="17" el="47" ec="123" bec="0" bev="0" fileid="5" />
                <SequencePoint vc="0" uspid="22" ordinal="15" offset="138" sl="48" sc="13" el="48" ec="14" bec="0" bev="0" fileid="5" />
                <SequencePoint vc="0" uspid="21" ordinal="16" offset="139" sl="49" sc="13" el="49" ec="45" bec="0" bev="0" fileid="5" />
                <SequencePoint vc="0" uspid="20" ordinal="17" offset="145" sl="50" sc="9" el="50" ec="10" bec="0" bev="0" fileid="5" />
              </SequencePoints>
              <BranchPoints>
                <BranchPoint vc="0" uspid="0" ordinal="0" offset="27" sl="37" path="0" offsetend="29" fileid="5" />
                <BranchPoint vc="0" uspid="1" ordinal="1" offset="27" sl="37" path="1" offsetend="37" fileid="5" />
                <BranchPoint vc="0" uspid="2" ordinal="2" offset="83" sl="44" path="0" offsetend="85" fileid="5" />
                <BranchPoint vc="0" uspid="3" ordinal="3" offset="83" sl="44" path="1" offsetend="123" fileid="5" />
              </BranchPoints>
              <MethodPoint xsi:type="SequencePoint" vc="0" uspid="37" ordinal="0" offset="0" sl="35" sc="49" el="35" ec="50" bec="0" bev="0" fileid="5" />
            </Method>
            <Method visited="false" cyclomaticComplexity="2" nPathComplexity="2" sequenceCoverage="0" branchCoverage="0" isConstructor="false" isStatic="false" isGetter="false" isSetter="false" crapScore="0">
              <Summary numSequencePoints="11" visitedSequencePoints="0" numBranchPoints="3" visitedBranchPoints="0" sequenceCoverage="0" branchCoverage="0" maxCyclomaticComplexity="2" minCyclomaticComplexity="2" visitedClasses="0" numClasses="0" visitedMethods="0" numMethods="1" minCrapScore="0" maxCrapScore="0" />
              <MetadataToken>100663304</MetadataToken>
              <Name>System.Void ModernApiApp.Startup::Configure(Microsoft.AspNetCore.Builder.IApplicationBuilder,Microsoft.AspNetCore.Hosting.IHostingEnvironment)</Name>
              <FileRef uid="5" />
              <SequencePoints>
                <SequencePoint vc="0" uspid="48" ordinal="0" offset="0" sl="53" sc="82" el="53" ec="83" bec="0" bev="0" fileid="5" />
                <SequencePoint vc="0" uspid="47" ordinal="1" offset="1" sl="54" sc="13" el="54" ec="38" bec="2" bev="0" fileid="5" />
                <SequencePoint vc="0" uspid="46" ordinal="2" offset="11" sl="54" sc="39" el="54" ec="40" bec="0" bev="0" fileid="5" />
                <SequencePoint vc="0" uspid="45" ordinal="3" offset="12" sl="55" sc="17" el="55" ec="50" bec="0" bev="0" fileid="5" />
                <SequencePoint vc="0" uspid="44" ordinal="4" offset="19" sl="56" sc="13" el="56" ec="14" bec="0" bev="0" fileid="5" />
                <SequencePoint vc="0" uspid="43" ordinal="5" offset="22" sl="56" sc="20" el="56" ec="21" bec="0" bev="0" fileid="5" />
                <SequencePoint vc="0" uspid="42" ordinal="6" offset="23" sl="57" sc="17" el="57" ec="32" bec="0" bev="0" fileid="5" />
                <SequencePoint vc="0" uspid="41" ordinal="7" offset="30" sl="58" sc="13" el="58" ec="14" bec="0" bev="0" fileid="5" />
                <SequencePoint vc="0" uspid="40" ordinal="8" offset="31" sl="60" sc="13" el="60" ec="40" bec="0" bev="0" fileid="5" />
                <SequencePoint vc="0" uspid="39" ordinal="9" offset="38" sl="61" sc="13" el="61" ec="27" bec="0" bev="0" fileid="5" />
                <SequencePoint vc="0" uspid="38" ordinal="10" offset="45" sl="62" sc="9" el="62" ec="10" bec="0" bev="0" fileid="5" />
              </SequencePoints>
              <BranchPoints>
                <BranchPoint vc="0" uspid="4" ordinal="0" offset="9" sl="54" path="0" offsetend="11" fileid="5" />
                <BranchPoint vc="0" uspid="5" ordinal="1" offset="9" sl="54" path="1" offsetend="22" fileid="5" />
              </BranchPoints>
              <MethodPoint xsi:type="SequencePoint" vc="0" uspid="48" ordinal="0" offset="0" sl="53" sc="82" el="53" ec="83" bec="0" bev="0" fileid="5" />
            </Method>
          </Methods>
        </Class>
        <Class>
          <Summary numSequencePoints="1" visitedSequencePoints="0" numBranchPoints="1" visitedBranchPoints="0" sequenceCoverage="0" branchCoverage="0" maxCyclomaticComplexity="2" minCyclomaticComplexity="1" visitedClasses="0" numClasses="1" visitedMethods="0" numMethods="1" minCrapScore="0" maxCrapScore="0" />
          <FullName>ModernApiApp.Startup/&lt;&gt;c__DisplayClass4_0</FullName>
          <Methods>
            <Method visited="false" cyclomaticComplexity="2" nPathComplexity="0" sequenceCoverage="0" branchCoverage="0" isConstructor="false" isStatic="false" isGetter="false" isSetter="false" crapScore="0">
              <Summary numSequencePoints="1" visitedSequencePoints="0" numBranchPoints="1" visitedBranchPoints="0" sequenceCoverage="0" branchCoverage="0" maxCyclomaticComplexity="2" minCyclomaticComplexity="2" visitedClasses="0" numClasses="0" visitedMethods="0" numMethods="1" minCrapScore="0" maxCrapScore="0" />
              <MetadataToken>100663318</MetadataToken>
              <Name>System.Void ModernApiApp.Startup/&lt;&gt;c__DisplayClass4_0::&lt;ConfigureServices&gt;b__0(Microsoft.EntityFrameworkCore.DbContextOptionsBuilder)</Name>
              <FileRef uid="5" />
              <SequencePoints>
                <SequencePoint vc="0" uspid="49" ordinal="0" offset="0" sl="26" sc="59" el="29" ec="14" bec="0" bev="0" fileid="5" />
              </SequencePoints>
              <BranchPoints />
              <MethodPoint xsi:type="SequencePoint" vc="0" uspid="49" ordinal="0" offset="0" sl="26" sc="59" el="29" ec="14" bec="0" bev="0" fileid="5" />
            </Method>
          </Methods>
        </Class>
        <Class>
          <Summary numSequencePoints="1" visitedSequencePoints="0" numBranchPoints="1" visitedBranchPoints="0" sequenceCoverage="0" branchCoverage="0" maxCyclomaticComplexity="1" minCyclomaticComplexity="1" visitedClasses="0" numClasses="1" visitedMethods="0" numMethods="1" minCrapScore="0" maxCrapScore="0" />
          <FullName>ModernApiApp.Startup/&lt;&gt;c</FullName>
          <Methods>
            <Method visited="false" cyclomaticComplexity="1" nPathComplexity="0" sequenceCoverage="0" branchCoverage="0" isConstructor="false" isStatic="false" isGetter="false" isSetter="false" crapScore="0">
              <Summary numSequencePoints="1" visitedSequencePoints="0" numBranchPoints="1" visitedBranchPoints="0" sequenceCoverage="0" branchCoverage="0" maxCyclomaticComplexity="1" minCyclomaticComplexity="1" visitedClasses="0" numClasses="0" visitedMethods="0" numMethods="1" minCrapScore="0" maxCrapScore="0" />
              <MetadataToken>100663321</MetadataToken>
              <Name>System.Void ModernApiApp.Startup/&lt;&gt;c::&lt;ConfigureServices&gt;b__4_1(Microsoft.EntityFrameworkCore.Infrastructure.SqlServerDbContextOptionsBuilder)</Name>
              <FileRef uid="5" />
              <SequencePoints>
                <SequencePoint vc="0" uspid="50" ordinal="0" offset="0" sl="28" sc="22" el="28" ec="59" bec="0" bev="0" fileid="5" />
              </SequencePoints>
              <BranchPoints />
              <MethodPoint xsi:type="SequencePoint" vc="0" uspid="50" ordinal="0" offset="0" sl="28" sc="22" el="28" ec="59" bec="0" bev="0" fileid="5" />
            </Method>
          </Methods>
        </Class>
        <Class>
          <Summary numSequencePoints="18" visitedSequencePoints="12" numBranchPoints="5" visitedBranchPoints="2" sequenceCoverage="66.67" branchCoverage="40" maxCyclomaticComplexity="2" minCyclomaticComplexity="1" visitedClasses="1" numClasses="1" visitedMethods="2" numMethods="3" minCrapScore="1" maxCrapScore="2.04" />
          <FullName>ModernApiApp.Controllers.CustomersController</FullName>
          <Methods>
            <Method visited="true" cyclomaticComplexity="1" nPathComplexity="0" sequenceCoverage="100" branchCoverage="0" isConstructor="true" isStatic="false" isGetter="false" isSetter="false" crapScore="1">
              <Summary numSequencePoints="5" visitedSequencePoints="5" numBranchPoints="1" visitedBranchPoints="0" sequenceCoverage="100" branchCoverage="0" maxCyclomaticComplexity="1" minCyclomaticComplexity="1" visitedClasses="0" numClasses="0" visitedMethods="1" numMethods="1" minCrapScore="1" maxCrapScore="1" />
              <MetadataToken>100663305</MetadataToken>
              <Name>System.Void ModernApiApp.Controllers.CustomersController::.ctor(ModernApiApp.DataAccess.IUnitOfWork`1&lt;ModernApiApp.DataAccess.ApiContext&gt;)</Name>
              <FileRef uid="6" />
              <SequencePoints>
                <SequencePoint vc="1" uspid="55" ordinal="0" offset="0" sl="16" sc="9" el="16" ec="65" bec="0" bev="0" fileid="6" />
                <SequencePoint vc="1" uspid="54" ordinal="1" offset="7" sl="16" sc="66" el="16" ec="67" bec="0" bev="0" fileid="6" />
                <SequencePoint vc="1" uspid="53" ordinal="2" offset="8" sl="17" sc="13" el="17" ec="24" bec="0" bev="0" fileid="6" />
                <SequencePoint vc="1" uspid="52" ordinal="3" offset="15" sl="18" sc="13" el="18" ec="77" bec="0" bev="0" fileid="6" />
                <SequencePoint vc="1" uspid="51" ordinal="4" offset="37" sl="19" sc="9" el="19" ec="10" bec="0" bev="0" fileid="6" />
              </SequencePoints>
              <BranchPoints />
              <MethodPoint xsi:type="SequencePoint" vc="1" uspid="55" ordinal="0" offset="0" sl="16" sc="9" el="16" ec="65" bec="0" bev="0" fileid="6" />
            </Method>
            <Method visited="false" cyclomaticComplexity="1" nPathComplexity="0" sequenceCoverage="0" branchCoverage="0" isConstructor="false" isStatic="false" isGetter="false" isSetter="false" crapScore="0">
              <Summary numSequencePoints="4" visitedSequencePoints="0" numBranchPoints="1" visitedBranchPoints="0" sequenceCoverage="0" branchCoverage="0" maxCyclomaticComplexity="1" minCyclomaticComplexity="1" visitedClasses="0" numClasses="0" visitedMethods="0" numMethods="1" minCrapScore="0" maxCrapScore="0" />
              <MetadataToken>100663306</MetadataToken>
              <Name>Microsoft.AspNetCore.Mvc.IActionResult ModernApiApp.Controllers.CustomersController::Get()</Name>
              <FileRef uid="6" />
              <SequencePoints>
                <SequencePoint vc="0" uspid="59" ordinal="0" offset="0" sl="22" sc="37" el="22" ec="38" bec="0" bev="0" fileid="6" />
                <SequencePoint vc="0" uspid="58" ordinal="1" offset="1" sl="23" sc="13" el="23" ec="69" bec="0" bev="0" fileid="6" />
                <SequencePoint vc="0" uspid="57" ordinal="2" offset="20" sl="24" sc="13" el="24" ec="46" bec="0" bev="0" fileid="6" />
                <SequencePoint vc="0" uspid="56" ordinal="3" offset="35" sl="25" sc="9" el="25" ec="10" bec="0" bev="0" fileid="6" />
              </SequencePoints>
              <BranchPoints />
              <MethodPoint xsi:type="SequencePoint" vc="0" uspid="59" ordinal="0" offset="0" sl="22" sc="37" el="22" ec="38" bec="0" bev="0" fileid="6" />
            </Method>
            <Method visited="true" cyclomaticComplexity="2" nPathComplexity="2" sequenceCoverage="77.78" branchCoverage="66.67" isConstructor="false" isStatic="false" isGetter="false" isSetter="false" crapScore="2.04">
              <Summary numSequencePoints="9" visitedSequencePoints="7" numBranchPoints="3" visitedBranchPoints="2" sequenceCoverage="77.78" branchCoverage="66.67" maxCyclomaticComplexity="2" minCyclomaticComplexity="2" visitedClasses="0" numClasses="0" visitedMethods="1" numMethods="1" minCrapScore="2.04" maxCrapScore="2.04" />
              <MetadataToken>100663307</MetadataToken>
              <Name>Microsoft.AspNetCore.Mvc.IActionResult ModernApiApp.Controllers.CustomersController::GetById(System.Int32)</Name>
              <FileRef uid="6" />
              <SequencePoints>
                <SequencePoint vc="1" uspid="68" ordinal="0" offset="0" sl="29" sc="47" el="29" ec="48" bec="0" bev="0" fileid="6" />
                <SequencePoint vc="1" uspid="67" ordinal="1" offset="1" sl="30" sc="13" el="30" ec="38" bec="0" bev="0" fileid="6" />
                <SequencePoint vc="1" uspid="66" ordinal="2" offset="3" sl="31" sc="13" el="31" ec="24" bec="2" bev="1" fileid="6" />
                <SequencePoint vc="1" uspid="65" ordinal="3" offset="11" sl="31" sc="25" el="31" ec="26" bec="0" bev="0" fileid="6" />
                <SequencePoint vc="1" uspid="64" ordinal="4" offset="12" sl="32" sc="17" el="32" ec="73" bec="0" bev="0" fileid="6" />
                <SequencePoint vc="1" uspid="63" ordinal="5" offset="30" sl="33" sc="17" el="33" ec="38" bec="0" bev="0" fileid="6" />
                <SequencePoint vc="0" uspid="62" ordinal="6" offset="40" sl="34" sc="20" el="34" ec="21" bec="0" bev="0" fileid="6" />
                <SequencePoint vc="0" uspid="61" ordinal="7" offset="41" sl="35" sc="17" el="35" ec="38" bec="0" bev="0" fileid="6" />
                <SequencePoint vc="1" uspid="60" ordinal="8" offset="56" sl="38" sc="9" el="38" ec="10" bec="0" bev="0" fileid="6" />
              </SequencePoints>
              <BranchPoints>
                <BranchPoint vc="1" uspid="6" ordinal="0" offset="9" sl="31" path="0" offsetend="11" fileid="6" />
                <BranchPoint vc="0" uspid="7" ordinal="1" offset="9" sl="31" path="1" offsetend="40" fileid="6" />
              </BranchPoints>
              <MethodPoint xsi:type="SequencePoint" vc="1" uspid="68" ordinal="0" offset="0" sl="29" sc="47" el="29" ec="48" bec="0" bev="0" fileid="6" />
            </Method>
          </Methods>
        </Class>
        <Class>
          <Summary numSequencePoints="12" visitedSequencePoints="0" numBranchPoints="5" visitedBranchPoints="0" sequenceCoverage="0" branchCoverage="0" maxCyclomaticComplexity="1" minCyclomaticComplexity="1" visitedClasses="0" numClasses="1" visitedMethods="0" numMethods="5" minCrapScore="0" maxCrapScore="0" />
          <FullName>ModernApiApp.Controllers.ValuesController</FullName>
          <Methods>
            <Method visited="false" cyclomaticComplexity="1" nPathComplexity="0" sequenceCoverage="0" branchCoverage="0" isConstructor="false" isStatic="false" isGetter="false" isSetter="false" crapScore="0">
              <Summary numSequencePoints="3" visitedSequencePoints="0" numBranchPoints="1" visitedBranchPoints="0" sequenceCoverage="0" branchCoverage="0" maxCyclomaticComplexity="1" minCyclomaticComplexity="1" visitedClasses="0" numClasses="0" visitedMethods="0" numMethods="1" minCrapScore="0" maxCrapScore="0" />
              <MetadataToken>100663308</MetadataToken>
              <Name>Microsoft.AspNetCore.Mvc.ActionResult`1&lt;System.Collections.Generic.IEnumerable`1&lt;System.String&gt;&gt; ModernApiApp.Controllers.ValuesController::Get()</Name>
              <FileRef uid="7" />
              <SequencePoints>
                <SequencePoint vc="0" uspid="71" ordinal="0" offset="0" sl="16" sc="9" el="16" ec="10" bec="0" bev="0" fileid="7" />
                <SequencePoint vc="0" uspid="70" ordinal="1" offset="1" sl="17" sc="13" el="17" ec="56" bec="0" bev="0" fileid="7" />
                <SequencePoint vc="0" uspid="69" ordinal="2" offset="31" sl="18" sc="9" el="18" ec="10" bec="0" bev="0" fileid="7" />
              </SequencePoints>
              <BranchPoints />
              <MethodPoint xsi:type="SequencePoint" vc="0" uspid="71" ordinal="0" offset="0" sl="16" sc="9" el="16" ec="10" bec="0" bev="0" fileid="7" />
            </Method>
            <Method visited="false" cyclomaticComplexity="1" nPathComplexity="0" sequenceCoverage="0" branchCoverage="0" isConstructor="false" isStatic="false" isGetter="false" isSetter="false" crapScore="0">
              <Summary numSequencePoints="3" visitedSequencePoints="0" numBranchPoints="1" visitedBranchPoints="0" sequenceCoverage="0" branchCoverage="0" maxCyclomaticComplexity="1" minCyclomaticComplexity="1" visitedClasses="0" numClasses="0" visitedMethods="0" numMethods="1" minCrapScore="0" maxCrapScore="0" />
              <MetadataToken>100663309</MetadataToken>
              <Name>Microsoft.AspNetCore.Mvc.ActionResult`1&lt;System.String&gt; ModernApiApp.Controllers.ValuesController::Get(System.Int32)</Name>
              <FileRef uid="7" />
              <SequencePoints>
                <SequencePoint vc="0" uspid="74" ordinal="0" offset="0" sl="23" sc="9" el="23" ec="10" bec="0" bev="0" fileid="7" />
                <SequencePoint vc="0" uspid="73" ordinal="1" offset="1" sl="24" sc="13" el="24" ec="28" bec="0" bev="0" fileid="7" />
                <SequencePoint vc="0" uspid="72" ordinal="2" offset="14" sl="25" sc="9" el="25" ec="10" bec="0" bev="0" fileid="7" />
              </SequencePoints>
              <BranchPoints />
              <MethodPoint xsi:type="SequencePoint" vc="0" uspid="74" ordinal="0" offset="0" sl="23" sc="9" el="23" ec="10" bec="0" bev="0" fileid="7" />
            </Method>
            <Method visited="false" cyclomaticComplexity="1" nPathComplexity="0" sequenceCoverage="0" branchCoverage="0" isConstructor="false" isStatic="false" isGetter="false" isSetter="false" crapScore="0">
              <Summary numSequencePoints="2" visitedSequencePoints="0" numBranchPoints="1" visitedBranchPoints="0" sequenceCoverage="0" branchCoverage="0" maxCyclomaticComplexity="1" minCyclomaticComplexity="1" visitedClasses="0" numClasses="0" visitedMethods="0" numMethods="1" minCrapScore="0" maxCrapScore="0" />
              <MetadataToken>100663310</MetadataToken>
              <Name>System.Void ModernApiApp.Controllers.ValuesController::Post(System.String)</Name>
              <FileRef uid="7" />
              <SequencePoints>
                <SequencePoint vc="0" uspid="76" ordinal="0" offset="0" sl="30" sc="9" el="30" ec="10" bec="0" bev="0" fileid="7" />
                <SequencePoint vc="0" uspid="75" ordinal="1" offset="1" sl="31" sc="9" el="31" ec="10" bec="0" bev="0" fileid="7" />
              </SequencePoints>
              <BranchPoints />
              <MethodPoint xsi:type="SequencePoint" vc="0" uspid="76" ordinal="0" offset="0" sl="30" sc="9" el="30" ec="10" bec="0" bev="0" fileid="7" />
            </Method>
            <Method visited="false" cyclomaticComplexity="1" nPathComplexity="0" sequenceCoverage="0" branchCoverage="0" isConstructor="false" isStatic="false" isGetter="false" isSetter="false" crapScore="0">
              <Summary numSequencePoints="2" visitedSequencePoints="0" numBranchPoints="1" visitedBranchPoints="0" sequenceCoverage="0" branchCoverage="0" maxCyclomaticComplexity="1" minCyclomaticComplexity="1" visitedClasses="0" numClasses="0" visitedMethods="0" numMethods="1" minCrapScore="0" maxCrapScore="0" />
              <MetadataToken>100663311</MetadataToken>
              <Name>System.Void ModernApiApp.Controllers.ValuesController::Put(System.Int32,System.String)</Name>
              <FileRef uid="7" />
              <SequencePoints>
                <SequencePoint vc="0" uspid="78" ordinal="0" offset="0" sl="36" sc="9" el="36" ec="10" bec="0" bev="0" fileid="7" />
                <SequencePoint vc="0" uspid="77" ordinal="1" offset="1" sl="37" sc="9" el="37" ec="10" bec="0" bev="0" fileid="7" />
              </SequencePoints>
              <BranchPoints />
              <MethodPoint xsi:type="SequencePoint" vc="0" uspid="78" ordinal="0" offset="0" sl="36" sc="9" el="36" ec="10" bec="0" bev="0" fileid="7" />
            </Method>
            <Method visited="false" cyclomaticComplexity="1" nPathComplexity="0" sequenceCoverage="0" branchCoverage="0" isConstructor="false" isStatic="false" isGetter="false" isSetter="false" crapScore="0">
              <Summary numSequencePoints="2" visitedSequencePoints="0" numBranchPoints="1" visitedBranchPoints="0" sequenceCoverage="0" branchCoverage="0" maxCyclomaticComplexity="1" minCyclomaticComplexity="1" visitedClasses="0" numClasses="0" visitedMethods="0" numMethods="1" minCrapScore="0" maxCrapScore="0" />
              <MetadataToken>100663312</MetadataToken>
              <Name>System.Void ModernApiApp.Controllers.ValuesController::Delete(System.Int32)</Name>
              <FileRef uid="7" />
              <SequencePoints>
                <SequencePoint vc="0" uspid="80" ordinal="0" offset="0" sl="42" sc="9" el="42" ec="10" bec="0" bev="0" fileid="7" />
                <SequencePoint vc="0" uspid="79" ordinal="1" offset="1" sl="43" sc="9" el="43" ec="10" bec="0" bev="0" fileid="7" />
              </SequencePoints>
              <BranchPoints />
              <MethodPoint xsi:type="SequencePoint" vc="0" uspid="80" ordinal="0" offset="0" sl="42" sc="9" el="42" ec="10" bec="0" bev="0" fileid="7" />
            </Method>
            <Method visited="false" cyclomaticComplexity="1" nPathComplexity="0" sequenceCoverage="0" branchCoverage="0" isConstructor="true" isStatic="false" isGetter="false" isSetter="false" crapScore="0">
              <Summary numSequencePoints="0" visitedSequencePoints="0" numBranchPoints="0" visitedBranchPoints="0" sequenceCoverage="0" branchCoverage="0" maxCyclomaticComplexity="1" minCyclomaticComplexity="1" visitedClasses="0" numClasses="0" visitedMethods="0" numMethods="0" minCrapScore="0" maxCrapScore="0" />
              <MetadataToken>100663313</MetadataToken>
              <Name>System.Void ModernApiApp.Controllers.ValuesController::.ctor()</Name>
              <SequencePoints />
              <BranchPoints />
              <MethodPoint vc="0" uspid="100663313" ordinal="0" offset="0" />
            </Method>
          </Methods>
        </Class>
      </Classes>
    </Module>
    <Module hash="04-28-9C-1C-D5-B4-4F-83-72-C9-81-3F-BF-DB-B2-49-0A-17-29-45">
      <Summary numSequencePoints="30" visitedSequencePoints="28" numBranchPoints="6" visitedBranchPoints="3" sequenceCoverage="93.33" branchCoverage="50" maxCyclomaticComplexity="2" minCyclomaticComplexity="1" visitedClasses="2" numClasses="3" visitedMethods="3" numMethods="4" minCrapScore="1" maxCrapScore="2" />
      <ModulePath>C:\repos\hol\ModernApiAppSolution\ModernApiApp.Tests\bin\Debug\netcoreapp2.1\__Saved\ModernApiApp.Tests.dll</ModulePath>
      <ModuleTime>2018-08-08T15:59:52.4883451Z</ModuleTime>
      <ModuleName>ModernApiApp.Tests</ModuleName>
      <Files>
        <File uid="1" fullPath="C:\repos\hol\ModernApiAppSolution\ModernApiApp.DataAccess\ApiContext.cs" />
        <File uid="2" fullPath="C:\repos\hol\ModernApiAppSolution\ModernApiApp.DataAccess\Repository.cs" />
        <File uid="3" fullPath="C:\repos\hol\ModernApiAppSolution\ModernApiApp.DataAccess\UnitOfWork.cs" />
        <File uid="4" fullPath="C:\repos\hol\ModernApiAppSolution\ModernApiApp\Program.cs" />
        <File uid="5" fullPath="C:\repos\hol\ModernApiAppSolution\ModernApiApp\Startup.cs" />
        <File uid="6" fullPath="C:\repos\hol\ModernApiAppSolution\ModernApiApp\Controllers\CustomersController.cs" />
        <File uid="7" fullPath="C:\repos\hol\ModernApiAppSolution\ModernApiApp\Controllers\ValuesController.cs" />
        <File uid="8" fullPath="C:\repos\hol\ModernApiAppSolution\ModernApiApp.Tests\obj\Debug\netcoreapp2.1\ModernApiApp.Tests.Program.cs" />
        <File uid="9" fullPath="C:\repos\hol\ModernApiAppSolution\ModernApiApp.Tests\CustomersControllerTests.cs" />
        <File uid="10" fullPath="C:\repos\hol\ModernApiAppSolution\ModernApiApp.Tests\Mocks\Stubs.cs" />
      </Files>
      <Classes>
        <Class>
          <Summary numSequencePoints="0" visitedSequencePoints="0" numBranchPoints="0" visitedBranchPoints="0" sequenceCoverage="0" branchCoverage="0" maxCyclomaticComplexity="0" minCyclomaticComplexity="0" visitedClasses="0" numClasses="0" visitedMethods="0" numMethods="0" minCrapScore="0" maxCrapScore="0" />
          <FullName>&lt;Module&gt;</FullName>
          <Methods />
        </Class>
        <Class>
          <Summary numSequencePoints="2" visitedSequencePoints="0" numBranchPoints="1" visitedBranchPoints="0" sequenceCoverage="0" branchCoverage="0" maxCyclomaticComplexity="1" minCyclomaticComplexity="1" visitedClasses="0" numClasses="1" visitedMethods="0" numMethods="1" minCrapScore="0" maxCrapScore="0" />
          <FullName>AutoGeneratedProgram</FullName>
          <Methods>
            <Method visited="false" cyclomaticComplexity="1" nPathComplexity="0" sequenceCoverage="0" branchCoverage="0" isConstructor="false" isStatic="true" isGetter="false" isSetter="false" crapScore="0">
              <Summary numSequencePoints="2" visitedSequencePoints="0" numBranchPoints="1" visitedBranchPoints="0" sequenceCoverage="0" branchCoverage="0" maxCyclomaticComplexity="1" minCyclomaticComplexity="1" visitedClasses="0" numClasses="0" visitedMethods="0" numMethods="1" minCrapScore="0" maxCrapScore="0" />
              <MetadataToken>100663297</MetadataToken>
              <Name>System.Void AutoGeneratedProgram::Main(System.String[])</Name>
              <FileRef uid="8" />
              <SequencePoints>
                <SequencePoint vc="0" uspid="1" ordinal="0" offset="0" sl="4" sc="60" el="4" ec="61" bec="0" bev="0" fileid="8" />
                <SequencePoint vc="0" uspid="0" ordinal="1" offset="1" sl="4" sc="61" el="4" ec="62" bec="0" bev="0" fileid="8" />
              </SequencePoints>
              <BranchPoints />
              <MethodPoint xsi:type="SequencePoint" vc="0" uspid="1" ordinal="0" offset="0" sl="4" sc="60" el="4" ec="61" bec="0" bev="0" fileid="8" />
            </Method>
            <Method visited="false" cyclomaticComplexity="1" nPathComplexity="0" sequenceCoverage="0" branchCoverage="0" isConstructor="true" isStatic="false" isGetter="false" isSetter="false" crapScore="0">
              <Summary numSequencePoints="0" visitedSequencePoints="0" numBranchPoints="0" visitedBranchPoints="0" sequenceCoverage="0" branchCoverage="0" maxCyclomaticComplexity="1" minCyclomaticComplexity="1" visitedClasses="0" numClasses="0" visitedMethods="0" numMethods="0" minCrapScore="0" maxCrapScore="0" />
              <MetadataToken>100663298</MetadataToken>
              <Name>System.Void AutoGeneratedProgram::.ctor()</Name>
              <SequencePoints />
              <BranchPoints />
              <MethodPoint vc="0" uspid="100663298" ordinal="0" offset="0" />
            </Method>
          </Methods>
        </Class>
        <Class>
          <Summary numSequencePoints="15" visitedSequencePoints="15" numBranchPoints="2" visitedBranchPoints="0" sequenceCoverage="100" branchCoverage="0" maxCyclomaticComplexity="1" minCyclomaticComplexity="1" visitedClasses="1" numClasses="1" visitedMethods="2" numMethods="2" minCrapScore="1" maxCrapScore="1" />
          <FullName>ModernApiApp.Tests.CustomersControllerTests</FullName>
          <Methods>
            <Method visited="true" cyclomaticComplexity="1" nPathComplexity="0" sequenceCoverage="100" branchCoverage="0" isConstructor="true" isStatic="false" isGetter="false" isSetter="false" crapScore="1">
              <Summary numSequencePoints="5" visitedSequencePoints="5" numBranchPoints="1" visitedBranchPoints="0" sequenceCoverage="100" branchCoverage="0" maxCyclomaticComplexity="1" minCyclomaticComplexity="1" visitedClasses="0" numClasses="0" visitedMethods="1" numMethods="1" minCrapScore="1" maxCrapScore="1" />
              <MetadataToken>100663299</MetadataToken>
              <Name>System.Void ModernApiApp.Tests.CustomersControllerTests::.ctor()</Name>
              <FileRef uid="9" />
              <SequencePoints>
                <SequencePoint vc="1" uspid="6" ordinal="0" offset="0" sl="16" sc="9" el="16" ec="43" bec="0" bev="0" fileid="9" />
                <SequencePoint vc="1" uspid="5" ordinal="1" offset="7" sl="16" sc="44" el="16" ec="45" bec="0" bev="0" fileid="9" />
                <SequencePoint vc="1" uspid="4" ordinal="2" offset="8" sl="17" sc="13" el="17" ec="49" bec="0" bev="0" fileid="9" />
                <SequencePoint vc="1" uspid="3" ordinal="3" offset="19" sl="18" sc="13" el="18" ec="77" bec="0" bev="0" fileid="9" />
                <SequencePoint vc="1" uspid="2" ordinal="4" offset="41" sl="19" sc="9" el="19" ec="10" bec="0" bev="0" fileid="9" />
              </SequencePoints>
              <BranchPoints />
              <MethodPoint xsi:type="SequencePoint" vc="1" uspid="6" ordinal="0" offset="0" sl="16" sc="9" el="16" ec="43" bec="0" bev="0" fileid="9" />
            </Method>
            <Method visited="true" cyclomaticComplexity="1" nPathComplexity="0" sequenceCoverage="100" branchCoverage="0" isConstructor="false" isStatic="false" isGetter="false" isSetter="false" crapScore="1">
              <Summary numSequencePoints="10" visitedSequencePoints="10" numBranchPoints="1" visitedBranchPoints="0" sequenceCoverage="100" branchCoverage="0" maxCyclomaticComplexity="1" minCyclomaticComplexity="1" visitedClasses="0" numClasses="0" visitedMethods="1" numMethods="1" minCrapScore="1" maxCrapScore="1" />
              <MetadataToken>100663300</MetadataToken>
              <Name>System.Void ModernApiApp.Tests.CustomersControllerTests::TestGetCustomerById_ShouldReturnAValidCustomerWhenGivenAValidId()</Name>
              <FileRef uid="9" />
              <SequencePoints>
                <SequencePoint vc="1" uspid="16" ordinal="0" offset="0" sl="22" sc="88" el="22" ec="89" bec="0" bev="0" fileid="9" />
                <SequencePoint vc="1" uspid="15" ordinal="1" offset="1" sl="24" sc="13" el="24" ec="79" bec="0" bev="0" fileid="9" />
                <SequencePoint vc="1" uspid="14" ordinal="2" offset="13" sl="25" sc="13" el="25" ec="82" bec="0" bev="0" fileid="9" />
                <SequencePoint vc="1" uspid="13" ordinal="3" offset="35" sl="27" sc="13" el="27" ec="85" bec="0" bev="0" fileid="9" />
                <SequencePoint vc="1" uspid="12" ordinal="4" offset="43" sl="29" sc="13" el="29" ec="119" bec="0" bev="0" fileid="9" />
                <SequencePoint vc="1" uspid="11" ordinal="5" offset="66" sl="30" sc="13" el="31" ec="111" bec="0" bev="0" fileid="9" />
                <SequencePoint vc="1" uspid="10" ordinal="6" offset="114" sl="32" sc="13" el="33" ec="154" bec="0" bev="0" fileid="9" />
                <SequencePoint vc="1" uspid="9" ordinal="7" offset="177" sl="34" sc="13" el="34" ec="93" bec="0" bev="0" fileid="9" />
                <SequencePoint vc="1" uspid="8" ordinal="8" offset="194" sl="35" sc="13" el="36" ec="113" bec="0" bev="0" fileid="9" />
                <SequencePoint vc="1" uspid="7" ordinal="9" offset="234" sl="37" sc="9" el="37" ec="10" bec="0" bev="0" fileid="9" />
              </SequencePoints>
              <BranchPoints />
              <MethodPoint xsi:type="SequencePoint" vc="1" uspid="16" ordinal="0" offset="0" sl="22" sc="88" el="22" ec="89" bec="0" bev="0" fileid="9" />
            </Method>
          </Methods>
        </Class>
        <Class>
          <Summary numSequencePoints="13" visitedSequencePoints="13" numBranchPoints="3" visitedBranchPoints="3" sequenceCoverage="100" branchCoverage="100" maxCyclomaticComplexity="2" minCyclomaticComplexity="1" visitedClasses="1" numClasses="1" visitedMethods="1" numMethods="1" minCrapScore="2" maxCrapScore="2" />
          <FullName>ModernApiApp.Tests.Mocks.Stubs</FullName>
          <Methods>
            <Method visited="true" cyclomaticComplexity="2" nPathComplexity="2" sequenceCoverage="100" branchCoverage="100" isConstructor="false" isStatic="true" isGetter="false" isSetter="false" crapScore="2">
              <Summary numSequencePoints="13" visitedSequencePoints="13" numBranchPoints="3" visitedBranchPoints="3" sequenceCoverage="100" branchCoverage="100" maxCyclomaticComplexity="2" minCyclomaticComplexity="2" visitedClasses="0" numClasses="0" visitedMethods="1" numMethods="1" minCrapScore="2" maxCrapScore="2" />
              <MetadataToken>100663301</MetadataToken>
              <Name>ModernApiApp.DataAccess.IUnitOfWork`1&lt;ModernApiApp.DataAccess.ApiContext&gt; ModernApiApp.Tests.Mocks.Stubs::setUpUnitOfWorkMock()</Name>
              <FileRef uid="10" />
              <SequencePoints>
                <SequencePoint vc="1" uspid="29" ordinal="0" offset="0" sl="16" sc="9" el="16" ec="10" bec="0" bev="0" fileid="10" />
                <SequencePoint vc="1" uspid="28" ordinal="1" offset="1" sl="17" sc="13" el="19" ec="26" bec="0" bev="0" fileid="10" />
                <SequencePoint vc="1" uspid="27" ordinal="2" offset="23" sl="21" sc="13" el="21" ec="51" bec="0" bev="0" fileid="10" />
                <SequencePoint vc="1" uspid="26" ordinal="3" offset="34" sl="22" sc="18" el="22" ec="27" bec="0" bev="0" fileid="10" />
                <SequencePoint vc="100" uspid="25" ordinal="4" offset="38" sl="23" sc="13" el="23" ec="14" bec="0" bev="0" fileid="10" />
                <SequencePoint vc="100" uspid="24" ordinal="5" offset="39" sl="24" sc="17" el="24" ec="142" bec="0" bev="0" fileid="10" />
                <SequencePoint vc="100" uspid="23" ordinal="6" offset="121" sl="25" sc="13" el="25" ec="14" bec="0" bev="0" fileid="10" />
                <SequencePoint vc="100" uspid="22" ordinal="7" offset="122" sl="22" sc="38" el="22" ec="41" bec="0" bev="0" fileid="10" />
                <SequencePoint vc="101" uspid="21" ordinal="8" offset="126" sl="22" sc="29" el="22" ec="36" bec="2" bev="2" fileid="10" />
                <SequencePoint vc="1" uspid="20" ordinal="9" offset="135" sl="26" sc="13" el="26" ec="39" bec="0" bev="0" fileid="10" />
                <SequencePoint vc="1" uspid="19" ordinal="10" offset="146" sl="27" sc="13" el="27" ec="63" bec="0" bev="0" fileid="10" />
                <SequencePoint vc="1" uspid="18" ordinal="11" offset="157" sl="28" sc="13" el="28" ec="24" bec="0" bev="0" fileid="10" />
                <SequencePoint vc="1" uspid="17" ordinal="12" offset="162" sl="29" sc="9" el="29" ec="10" bec="0" bev="0" fileid="10" />
              </SequencePoints>
              <BranchPoints>
                <BranchPoint vc="1" uspid="0" ordinal="0" offset="133" sl="22" path="0" offsetend="135" fileid="10" />
                <BranchPoint vc="100" uspid="1" ordinal="1" offset="133" sl="22" path="1" offsetend="38" fileid="10" />
              </BranchPoints>
              <MethodPoint xsi:type="SequencePoint" vc="1" uspid="29" ordinal="0" offset="0" sl="16" sc="9" el="16" ec="10" bec="0" bev="0" fileid="10" />
            </Method>
            <Method visited="false" cyclomaticComplexity="1" nPathComplexity="0" sequenceCoverage="0" branchCoverage="0" isConstructor="true" isStatic="false" isGetter="false" isSetter="false" crapScore="0">
              <Summary numSequencePoints="0" visitedSequencePoints="0" numBranchPoints="0" visitedBranchPoints="0" sequenceCoverage="0" branchCoverage="0" maxCyclomaticComplexity="1" minCyclomaticComplexity="1" visitedClasses="0" numClasses="0" visitedMethods="0" numMethods="0" minCrapScore="0" maxCrapScore="0" />
              <MetadataToken>100663302</MetadataToken>
              <Name>System.Void ModernApiApp.Tests.Mocks.Stubs::.ctor()</Name>
              <SequencePoints />
              <BranchPoints />
              <MethodPoint vc="0" uspid="100663302" ordinal="0" offset="0" />
            </Method>
          </Methods>
        </Class>
      </Classes>
    </Module>
  </Modules>
</CoverageSession>